<?xml version="1.0" encoding="UTF-8"?>
<!-- Generated by org.testng.reporters.JUnitReportReporter -->
<testsuite hostname="RAJEEVRANJAN" failures="0" tests="1" name="test_KloudShip.NewTest" time="0.005" errors="0" timestamp="2023-09-13T11:34:10 IST" skipped="0">
  <testcase classname="test_KloudShip.NewTest" name="f" time="0.005"/>
</testsuite> <!-- test_KloudShip.NewTest -->
