<?xml version="1.0" encoding="UTF-8"?>
<!-- Generated by org.testng.reporters.JUnitReportReporter -->
<testsuite hostname="DESKTOP-N9DVLSG" failures="0" tests="2" name="test_KloudShip.Test_Data" time="35.563" errors="0" timestamp="2023-09-14T20:44:50 IST" skipped="0">
  <testcase classname="test_KloudShip.Test_Data" name="B_Delete_Pakage" time="16.832"/>
  <testcase classname="test_KloudShip.Test_Data" name="A_Login" time="18.731"/>
</testsuite> <!-- test_KloudShip.Test_Data -->
